% Output directory: ./decoding_results/128_36/Phenomenological_FloodingBP/p=0.1
% Parameters saved to: ./decoding_results/128_36/Phenomenological_FloodingBP/p=0.1/params.json
% Results saved to: ./decoding_results/128_36/Phenomenological_FloodingBP/p=0.1/results.csv
% collect 300 frame errors or 100000000 decoded error patterns
% epsilon mode: DecadeLinearRange
% depolarizing prob. list to be simulated: 0.09, 0.08, 0.07, 0.06, 0.05, 0.04, 0.03, 0.02, 0.01, 0.009, 0.008, 0.007, 0.006, 0.005, 0.004, 0.003, 0.002, 0.001, 
% Decoding option: Flooding BP
% Noise model: Phenomenological, p=0.100000
% [[128,36]], 128 checks, 15 iter, ep0=0.1
% FE 353, total dec. 714, runtime 0.0262488 s\\
0.089999999999999997 0.49439775910364148\\
% FE 342, total dec. 857, runtime 0.0163657 s\\
0.080000000000000002 0.39906651108518088\\
% FE 338, total dec. 1229, runtime 0.0197957 s\\
0.070000000000000007 0.27502034174125306\\
% FE 323, total dec. 1856, runtime 0.023607 s\\
0.059999999999999998 0.17403017241379309\\
% FE 316, total dec. 3011, runtime 0.0304263 s\\
0.050000000000000003 0.10494852208568582\\
% FE 303, total dec. 7656, runtime 0.0601388 s\\
0.040000000000000001 0.039576802507836989\\
% FE 303, total dec. 21483, runtime 0.139737 s\\
0.029999999999999999 0.014104175394497976\\
% FE 300, total dec. 65652, runtime 0.370804 s\\
0.02 0.0045695485286053735\\
% FE 300, total dec. 194751, runtime 0.870638 s\\
0.01 0.001540428547221837\\
% FE 300, total dec. 207263, runtime 0.891417 s\\
0.0090000000000000011 0.0014474363489865533\\
% FE 300, total dec. 206111, runtime 0.844435 s\\
0.0080000000000000002 0.0014555263911193482\\
% FE 300, total dec. 238721, runtime 0.92241 s\\
0.0070000000000000001 0.00125669714855417\\
% FE 300, total dec. 269447, runtime 0.974188 s\\
0.0060000000000000001 0.0011133915018537968\\
% FE 300, total dec. 271602, runtime 0.900203 s\\
0.0050000000000000001 0.0011045574038482779\\
% FE 300, total dec. 313475, runtime 0.936778 s\\
0.0040000000000000001 0.00095701411595821044\\
% FE 300, total dec. 362650, runtime 0.950766 s\\
0.0030000000000000001 0.0008272438990762443\\
% FE 300, total dec. 432131, runtime 0.962923 s\\
0.002 0.00069423392443495149\\
% FE 300, total dec. 566201, runtime 1.0034 s\\
0.001 0.00052984717441332673\\
% Done.
